<?xml version="1.0" encoding="UTF-8"?>
<testsuite xmlns:xsi="http://www.w3.org/2001/XMLSchema-instance" xsi:noNamespaceSchemaLocation="https://maven.apache.org/surefire/maven-surefire-plugin/xsd/surefire-test-report.xsd" name="com.wms.WmsApplicationTests" time="2.829" tests="1" errors="0" skipped="0" failures="0">
  <properties>
    <property name="sun.desktop" value="windows"/>
    <property name="awt.toolkit" value="sun.awt.windows.WToolkit"/>
    <property name="file.encoding.pkg" value="sun.io"/>
    <property name="java.specification.version" value="1.8"/>
    <property name="sun.cpu.isalist" value="pentium_pro+mmx pentium_pro pentium+mmx pentium i486 i386 i86"/>
    <property name="sun.jnu.encoding" value="GBK"/>
    <property name="java.class.path" value="E:\java_study\git\GitProject\springboot+vue_wms\wms\target\test-classes;E:\java_study\git\GitProject\springboot+vue_wms\wms\target\classes;E:\java_study\apache-maven-3.5.4\repository\org\springframework\boot\spring-boot-starter-web\2.6.7\spring-boot-starter-web-2.6.7.jar;E:\java_study\apache-maven-3.5.4\repository\org\springframework\boot\spring-boot-starter\2.6.7\spring-boot-starter-2.6.7.jar;E:\java_study\apache-maven-3.5.4\repository\org\springframework\boot\spring-boot\2.6.7\spring-boot-2.6.7.jar;E:\java_study\apache-maven-3.5.4\repository\org\springframework\boot\spring-boot-starter-logging\2.6.7\spring-boot-starter-logging-2.6.7.jar;E:\java_study\apache-maven-3.5.4\repository\ch\qos\logback\logback-classic\1.2.11\logback-classic-1.2.11.jar;E:\java_study\apache-maven-3.5.4\repository\ch\qos\logback\logback-core\1.2.11\logback-core-1.2.11.jar;E:\java_study\apache-maven-3.5.4\repository\org\apache\logging\log4j\log4j-to-slf4j\2.17.2\log4j-to-slf4j-2.17.2.jar;E:\java_study\apache-maven-3.5.4\repository\org\apache\logging\log4j\log4j-api\2.17.2\log4j-api-2.17.2.jar;E:\java_study\apache-maven-3.5.4\repository\org\slf4j\jul-to-slf4j\1.7.36\jul-to-slf4j-1.7.36.jar;E:\java_study\apache-maven-3.5.4\repository\jakarta\annotation\jakarta.annotation-api\1.3.5\jakarta.annotation-api-1.3.5.jar;E:\java_study\apache-maven-3.5.4\repository\org\yaml\snakeyaml\1.29\snakeyaml-1.29.jar;E:\java_study\apache-maven-3.5.4\repository\org\springframework\boot\spring-boot-starter-json\2.6.7\spring-boot-starter-json-2.6.7.jar;E:\java_study\apache-maven-3.5.4\repository\com\fasterxml\jackson\core\jackson-databind\2.13.2.1\jackson-databind-2.13.2.1.jar;E:\java_study\apache-maven-3.5.4\repository\com\fasterxml\jackson\core\jackson-annotations\2.13.2\jackson-annotations-2.13.2.jar;E:\java_study\apache-maven-3.5.4\repository\com\fasterxml\jackson\core\jackson-core\2.13.2\jackson-core-2.13.2.jar;E:\java_study\apache-maven-3.5.4\repository\com\fasterxml\jackson\datatype\jackson-datatype-jdk8\2.13.2\jackson-datatype-jdk8-2.13.2.jar;E:\java_study\apache-maven-3.5.4\repository\com\fasterxml\jackson\datatype\jackson-datatype-jsr310\2.13.2\jackson-datatype-jsr310-2.13.2.jar;E:\java_study\apache-maven-3.5.4\repository\com\fasterxml\jackson\module\jackson-module-parameter-names\2.13.2\jackson-module-parameter-names-2.13.2.jar;E:\java_study\apache-maven-3.5.4\repository\org\springframework\boot\spring-boot-starter-tomcat\2.6.7\spring-boot-starter-tomcat-2.6.7.jar;E:\java_study\apache-maven-3.5.4\repository\org\apache\tomcat\embed\tomcat-embed-core\9.0.62\tomcat-embed-core-9.0.62.jar;E:\java_study\apache-maven-3.5.4\repository\org\apache\tomcat\embed\tomcat-embed-el\9.0.62\tomcat-embed-el-9.0.62.jar;E:\java_study\apache-maven-3.5.4\repository\org\apache\tomcat\embed\tomcat-embed-websocket\9.0.62\tomcat-embed-websocket-9.0.62.jar;E:\java_study\apache-maven-3.5.4\repository\org\springframework\spring-web\5.3.19\spring-web-5.3.19.jar;E:\java_study\apache-maven-3.5.4\repository\org\springframework\spring-beans\5.3.19\spring-beans-5.3.19.jar;E:\java_study\apache-maven-3.5.4\repository\org\springframework\spring-webmvc\5.3.19\spring-webmvc-5.3.19.jar;E:\java_study\apache-maven-3.5.4\repository\org\springframework\spring-aop\5.3.19\spring-aop-5.3.19.jar;E:\java_study\apache-maven-3.5.4\repository\org\springframework\spring-context\5.3.19\spring-context-5.3.19.jar;E:\java_study\apache-maven-3.5.4\repository\org\springframework\spring-expression\5.3.19\spring-expression-5.3.19.jar;E:\java_study\apache-maven-3.5.4\repository\com\mysql\mysql-connector-j\8.0.33\mysql-connector-j-8.0.33.jar;E:\java_study\apache-maven-3.5.4\repository\com\google\protobuf\protobuf-java\3.21.9\protobuf-java-3.21.9.jar;E:\java_study\apache-maven-3.5.4\repository\org\projectlombok\lombok\1.18.24\lombok-1.18.24.jar;E:\java_study\apache-maven-3.5.4\repository\org\springframework\boot\spring-boot-starter-test\2.6.7\spring-boot-starter-test-2.6.7.jar;E:\java_study\apache-maven-3.5.4\repository\org\springframework\boot\spring-boot-test\2.6.7\spring-boot-test-2.6.7.jar;E:\java_study\apache-maven-3.5.4\repository\org\springframework\boot\spring-boot-test-autoconfigure\2.6.7\spring-boot-test-autoconfigure-2.6.7.jar;E:\java_study\apache-maven-3.5.4\repository\com\jayway\jsonpath\json-path\2.6.0\json-path-2.6.0.jar;E:\java_study\apache-maven-3.5.4\repository\net\minidev\json-smart\2.4.8\json-smart-2.4.8.jar;E:\java_study\apache-maven-3.5.4\repository\net\minidev\accessors-smart\2.4.8\accessors-smart-2.4.8.jar;E:\java_study\apache-maven-3.5.4\repository\org\ow2\asm\asm\9.1\asm-9.1.jar;E:\java_study\apache-maven-3.5.4\repository\org\slf4j\slf4j-api\1.7.36\slf4j-api-1.7.36.jar;E:\java_study\apache-maven-3.5.4\repository\jakarta\xml\bind\jakarta.xml.bind-api\2.3.3\jakarta.xml.bind-api-2.3.3.jar;E:\java_study\apache-maven-3.5.4\repository\jakarta\activation\jakarta.activation-api\1.2.2\jakarta.activation-api-1.2.2.jar;E:\java_study\apache-maven-3.5.4\repository\org\assertj\assertj-core\3.21.0\assertj-core-3.21.0.jar;E:\java_study\apache-maven-3.5.4\repository\org\hamcrest\hamcrest\2.2\hamcrest-2.2.jar;E:\java_study\apache-maven-3.5.4\repository\org\junit\jupiter\junit-jupiter\5.8.2\junit-jupiter-5.8.2.jar;E:\java_study\apache-maven-3.5.4\repository\org\junit\jupiter\junit-jupiter-api\5.8.2\junit-jupiter-api-5.8.2.jar;E:\java_study\apache-maven-3.5.4\repository\org\opentest4j\opentest4j\1.2.0\opentest4j-1.2.0.jar;E:\java_study\apache-maven-3.5.4\repository\org\junit\platform\junit-platform-commons\1.8.2\junit-platform-commons-1.8.2.jar;E:\java_study\apache-maven-3.5.4\repository\org\apiguardian\apiguardian-api\1.1.2\apiguardian-api-1.1.2.jar;E:\java_study\apache-maven-3.5.4\repository\org\junit\jupiter\junit-jupiter-params\5.8.2\junit-jupiter-params-5.8.2.jar;E:\java_study\apache-maven-3.5.4\repository\org\junit\jupiter\junit-jupiter-engine\5.8.2\junit-jupiter-engine-5.8.2.jar;E:\java_study\apache-maven-3.5.4\repository\org\junit\platform\junit-platform-engine\1.8.2\junit-platform-engine-1.8.2.jar;E:\java_study\apache-maven-3.5.4\repository\org\mockito\mockito-core\4.0.0\mockito-core-4.0.0.jar;E:\java_study\apache-maven-3.5.4\repository\net\bytebuddy\byte-buddy\1.11.22\byte-buddy-1.11.22.jar;E:\java_study\apache-maven-3.5.4\repository\net\bytebuddy\byte-buddy-agent\1.11.22\byte-buddy-agent-1.11.22.jar;E:\java_study\apache-maven-3.5.4\repository\org\objenesis\objenesis\3.2\objenesis-3.2.jar;E:\java_study\apache-maven-3.5.4\repository\org\mockito\mockito-junit-jupiter\4.0.0\mockito-junit-jupiter-4.0.0.jar;E:\java_study\apache-maven-3.5.4\repository\org\skyscreamer\jsonassert\1.5.0\jsonassert-1.5.0.jar;E:\java_study\apache-maven-3.5.4\repository\com\vaadin\external\google\android-json\0.0.20131108.vaadin1\android-json-0.0.20131108.vaadin1.jar;E:\java_study\apache-maven-3.5.4\repository\org\springframework\spring-core\5.3.19\spring-core-5.3.19.jar;E:\java_study\apache-maven-3.5.4\repository\org\springframework\spring-jcl\5.3.19\spring-jcl-5.3.19.jar;E:\java_study\apache-maven-3.5.4\repository\org\springframework\spring-test\5.3.19\spring-test-5.3.19.jar;E:\java_study\apache-maven-3.5.4\repository\org\xmlunit\xmlunit-core\2.8.4\xmlunit-core-2.8.4.jar;E:\java_study\apache-maven-3.5.4\repository\com\baomidou\mybatis-plus-boot-starter\3.4.1\mybatis-plus-boot-starter-3.4.1.jar;E:\java_study\apache-maven-3.5.4\repository\com\baomidou\mybatis-plus\3.4.1\mybatis-plus-3.4.1.jar;E:\java_study\apache-maven-3.5.4\repository\org\springframework\boot\spring-boot-autoconfigure\2.6.7\spring-boot-autoconfigure-2.6.7.jar;E:\java_study\apache-maven-3.5.4\repository\org\springframework\boot\spring-boot-starter-jdbc\2.6.7\spring-boot-starter-jdbc-2.6.7.jar;E:\java_study\apache-maven-3.5.4\repository\com\zaxxer\HikariCP\4.0.3\HikariCP-4.0.3.jar;E:\java_study\apache-maven-3.5.4\repository\org\springframework\spring-jdbc\5.3.19\spring-jdbc-5.3.19.jar;E:\java_study\apache-maven-3.5.4\repository\org\springframework\spring-tx\5.3.19\spring-tx-5.3.19.jar;E:\java_study\apache-maven-3.5.4\repository\com\baomidou\mybatis-plus-generator\3.4.1\mybatis-plus-generator-3.4.1.jar;E:\java_study\apache-maven-3.5.4\repository\com\baomidou\mybatis-plus-extension\3.4.1\mybatis-plus-extension-3.4.1.jar;E:\java_study\apache-maven-3.5.4\repository\com\baomidou\mybatis-plus-core\3.4.1\mybatis-plus-core-3.4.1.jar;E:\java_study\apache-maven-3.5.4\repository\com\baomidou\mybatis-plus-annotation\3.4.1\mybatis-plus-annotation-3.4.1.jar;E:\java_study\apache-maven-3.5.4\repository\com\github\jsqlparser\jsqlparser\3.2\jsqlparser-3.2.jar;E:\java_study\apache-maven-3.5.4\repository\org\mybatis\mybatis\3.5.6\mybatis-3.5.6.jar;E:\java_study\apache-maven-3.5.4\repository\org\mybatis\mybatis-spring\2.0.5\mybatis-spring-2.0.5.jar;E:\java_study\apache-maven-3.5.4\repository\org\freemarker\freemarker\2.3.30\freemarker-2.3.30.jar;E:\java_study\apache-maven-3.5.4\repository\com\spring4all\spring-boot-starter-swagger\1.5.1.RELEASE\spring-boot-starter-swagger-1.5.1.RELEASE.jar;E:\java_study\apache-maven-3.5.4\repository\io\springfox\springfox-swagger-ui\2.7.0\springfox-swagger-ui-2.7.0.jar;E:\java_study\apache-maven-3.5.4\repository\io\springfox\springfox-spring-web\2.7.0\springfox-spring-web-2.7.0.jar;E:\java_study\apache-maven-3.5.4\repository\org\reflections\reflections\0.9.11\reflections-0.9.11.jar;E:\java_study\apache-maven-3.5.4\repository\org\javassist\javassist\3.21.0-GA\javassist-3.21.0-GA.jar;E:\java_study\apache-maven-3.5.4\repository\io\springfox\springfox-swagger2\2.7.0\springfox-swagger2-2.7.0.jar;E:\java_study\apache-maven-3.5.4\repository\io\swagger\swagger-annotations\1.5.13\swagger-annotations-1.5.13.jar;E:\java_study\apache-maven-3.5.4\repository\io\swagger\swagger-models\1.5.13\swagger-models-1.5.13.jar;E:\java_study\apache-maven-3.5.4\repository\io\springfox\springfox-spi\2.7.0\springfox-spi-2.7.0.jar;E:\java_study\apache-maven-3.5.4\repository\io\springfox\springfox-core\2.7.0\springfox-core-2.7.0.jar;E:\java_study\apache-maven-3.5.4\repository\io\springfox\springfox-schema\2.7.0\springfox-schema-2.7.0.jar;E:\java_study\apache-maven-3.5.4\repository\io\springfox\springfox-swagger-common\2.7.0\springfox-swagger-common-2.7.0.jar;E:\java_study\apache-maven-3.5.4\repository\com\google\guava\guava\18.0\guava-18.0.jar;E:\java_study\apache-maven-3.5.4\repository\com\fasterxml\classmate\1.5.1\classmate-1.5.1.jar;E:\java_study\apache-maven-3.5.4\repository\org\springframework\plugin\spring-plugin-core\1.2.0.RELEASE\spring-plugin-core-1.2.0.RELEASE.jar;E:\java_study\apache-maven-3.5.4\repository\org\springframework\plugin\spring-plugin-metadata\1.2.0.RELEASE\spring-plugin-metadata-1.2.0.RELEASE.jar;E:\java_study\apache-maven-3.5.4\repository\org\mapstruct\mapstruct\1.1.0.Final\mapstruct-1.1.0.Final.jar;E:\java_study\apache-maven-3.5.4\repository\io\springfox\springfox-bean-validators\2.7.0\springfox-bean-validators-2.7.0.jar;E:\java_study\apache-maven-3.5.4\repository\junit\junit\4.12\junit-4.12.jar;E:\java_study\apache-maven-3.5.4\repository\org\hamcrest\hamcrest-core\2.2\hamcrest-core-2.2.jar;"/>
    <property name="java.vm.vendor" value="Oracle Corporation"/>
    <property name="sun.arch.data.model" value="32"/>
    <property name="user.variant" value=""/>
    <property name="java.vendor.url" value="http://java.oracle.com/"/>
    <property name="user.timezone" value="Asia/Shanghai"/>
    <property name="java.vm.specification.version" value="1.8"/>
    <property name="os.name" value="Windows 11"/>
    <property name="user.country" value="CN"/>
    <property name="sun.java.launcher" value="SUN_STANDARD"/>
    <property name="sun.boot.library.path" value="E:\java_study\jdk1.8\jre\bin"/>
    <property name="sun.java.command" value="C:\Users\llw18\AppData\Local\Temp\surefire2293070286278312581\surefirebooter8570791717232377191.jar C:\Users\llw18\AppData\Local\Temp\surefire2293070286278312581 2023-11-23T22-40-02_753-jvmRun1 surefire4454808918771233231tmp surefire_08410369243132233678tmp"/>
    <property name="surefire.test.class.path" value="E:\java_study\git\GitProject\springboot+vue_wms\wms\target\test-classes;E:\java_study\git\GitProject\springboot+vue_wms\wms\target\classes;E:\java_study\apache-maven-3.5.4\repository\org\springframework\boot\spring-boot-starter-web\2.6.7\spring-boot-starter-web-2.6.7.jar;E:\java_study\apache-maven-3.5.4\repository\org\springframework\boot\spring-boot-starter\2.6.7\spring-boot-starter-2.6.7.jar;E:\java_study\apache-maven-3.5.4\repository\org\springframework\boot\spring-boot\2.6.7\spring-boot-2.6.7.jar;E:\java_study\apache-maven-3.5.4\repository\org\springframework\boot\spring-boot-starter-logging\2.6.7\spring-boot-starter-logging-2.6.7.jar;E:\java_study\apache-maven-3.5.4\repository\ch\qos\logback\logback-classic\1.2.11\logback-classic-1.2.11.jar;E:\java_study\apache-maven-3.5.4\repository\ch\qos\logback\logback-core\1.2.11\logback-core-1.2.11.jar;E:\java_study\apache-maven-3.5.4\repository\org\apache\logging\log4j\log4j-to-slf4j\2.17.2\log4j-to-slf4j-2.17.2.jar;E:\java_study\apache-maven-3.5.4\repository\org\apache\logging\log4j\log4j-api\2.17.2\log4j-api-2.17.2.jar;E:\java_study\apache-maven-3.5.4\repository\org\slf4j\jul-to-slf4j\1.7.36\jul-to-slf4j-1.7.36.jar;E:\java_study\apache-maven-3.5.4\repository\jakarta\annotation\jakarta.annotation-api\1.3.5\jakarta.annotation-api-1.3.5.jar;E:\java_study\apache-maven-3.5.4\repository\org\yaml\snakeyaml\1.29\snakeyaml-1.29.jar;E:\java_study\apache-maven-3.5.4\repository\org\springframework\boot\spring-boot-starter-json\2.6.7\spring-boot-starter-json-2.6.7.jar;E:\java_study\apache-maven-3.5.4\repository\com\fasterxml\jackson\core\jackson-databind\2.13.2.1\jackson-databind-2.13.2.1.jar;E:\java_study\apache-maven-3.5.4\repository\com\fasterxml\jackson\core\jackson-annotations\2.13.2\jackson-annotations-2.13.2.jar;E:\java_study\apache-maven-3.5.4\repository\com\fasterxml\jackson\core\jackson-core\2.13.2\jackson-core-2.13.2.jar;E:\java_study\apache-maven-3.5.4\repository\com\fasterxml\jackson\datatype\jackson-datatype-jdk8\2.13.2\jackson-datatype-jdk8-2.13.2.jar;E:\java_study\apache-maven-3.5.4\repository\com\fasterxml\jackson\datatype\jackson-datatype-jsr310\2.13.2\jackson-datatype-jsr310-2.13.2.jar;E:\java_study\apache-maven-3.5.4\repository\com\fasterxml\jackson\module\jackson-module-parameter-names\2.13.2\jackson-module-parameter-names-2.13.2.jar;E:\java_study\apache-maven-3.5.4\repository\org\springframework\boot\spring-boot-starter-tomcat\2.6.7\spring-boot-starter-tomcat-2.6.7.jar;E:\java_study\apache-maven-3.5.4\repository\org\apache\tomcat\embed\tomcat-embed-core\9.0.62\tomcat-embed-core-9.0.62.jar;E:\java_study\apache-maven-3.5.4\repository\org\apache\tomcat\embed\tomcat-embed-el\9.0.62\tomcat-embed-el-9.0.62.jar;E:\java_study\apache-maven-3.5.4\repository\org\apache\tomcat\embed\tomcat-embed-websocket\9.0.62\tomcat-embed-websocket-9.0.62.jar;E:\java_study\apache-maven-3.5.4\repository\org\springframework\spring-web\5.3.19\spring-web-5.3.19.jar;E:\java_study\apache-maven-3.5.4\repository\org\springframework\spring-beans\5.3.19\spring-beans-5.3.19.jar;E:\java_study\apache-maven-3.5.4\repository\org\springframework\spring-webmvc\5.3.19\spring-webmvc-5.3.19.jar;E:\java_study\apache-maven-3.5.4\repository\org\springframework\spring-aop\5.3.19\spring-aop-5.3.19.jar;E:\java_study\apache-maven-3.5.4\repository\org\springframework\spring-context\5.3.19\spring-context-5.3.19.jar;E:\java_study\apache-maven-3.5.4\repository\org\springframework\spring-expression\5.3.19\spring-expression-5.3.19.jar;E:\java_study\apache-maven-3.5.4\repository\com\mysql\mysql-connector-j\8.0.33\mysql-connector-j-8.0.33.jar;E:\java_study\apache-maven-3.5.4\repository\com\google\protobuf\protobuf-java\3.21.9\protobuf-java-3.21.9.jar;E:\java_study\apache-maven-3.5.4\repository\org\projectlombok\lombok\1.18.24\lombok-1.18.24.jar;E:\java_study\apache-maven-3.5.4\repository\org\springframework\boot\spring-boot-starter-test\2.6.7\spring-boot-starter-test-2.6.7.jar;E:\java_study\apache-maven-3.5.4\repository\org\springframework\boot\spring-boot-test\2.6.7\spring-boot-test-2.6.7.jar;E:\java_study\apache-maven-3.5.4\repository\org\springframework\boot\spring-boot-test-autoconfigure\2.6.7\spring-boot-test-autoconfigure-2.6.7.jar;E:\java_study\apache-maven-3.5.4\repository\com\jayway\jsonpath\json-path\2.6.0\json-path-2.6.0.jar;E:\java_study\apache-maven-3.5.4\repository\net\minidev\json-smart\2.4.8\json-smart-2.4.8.jar;E:\java_study\apache-maven-3.5.4\repository\net\minidev\accessors-smart\2.4.8\accessors-smart-2.4.8.jar;E:\java_study\apache-maven-3.5.4\repository\org\ow2\asm\asm\9.1\asm-9.1.jar;E:\java_study\apache-maven-3.5.4\repository\org\slf4j\slf4j-api\1.7.36\slf4j-api-1.7.36.jar;E:\java_study\apache-maven-3.5.4\repository\jakarta\xml\bind\jakarta.xml.bind-api\2.3.3\jakarta.xml.bind-api-2.3.3.jar;E:\java_study\apache-maven-3.5.4\repository\jakarta\activation\jakarta.activation-api\1.2.2\jakarta.activation-api-1.2.2.jar;E:\java_study\apache-maven-3.5.4\repository\org\assertj\assertj-core\3.21.0\assertj-core-3.21.0.jar;E:\java_study\apache-maven-3.5.4\repository\org\hamcrest\hamcrest\2.2\hamcrest-2.2.jar;E:\java_study\apache-maven-3.5.4\repository\org\junit\jupiter\junit-jupiter\5.8.2\junit-jupiter-5.8.2.jar;E:\java_study\apache-maven-3.5.4\repository\org\junit\jupiter\junit-jupiter-api\5.8.2\junit-jupiter-api-5.8.2.jar;E:\java_study\apache-maven-3.5.4\repository\org\opentest4j\opentest4j\1.2.0\opentest4j-1.2.0.jar;E:\java_study\apache-maven-3.5.4\repository\org\junit\platform\junit-platform-commons\1.8.2\junit-platform-commons-1.8.2.jar;E:\java_study\apache-maven-3.5.4\repository\org\apiguardian\apiguardian-api\1.1.2\apiguardian-api-1.1.2.jar;E:\java_study\apache-maven-3.5.4\repository\org\junit\jupiter\junit-jupiter-params\5.8.2\junit-jupiter-params-5.8.2.jar;E:\java_study\apache-maven-3.5.4\repository\org\junit\jupiter\junit-jupiter-engine\5.8.2\junit-jupiter-engine-5.8.2.jar;E:\java_study\apache-maven-3.5.4\repository\org\junit\platform\junit-platform-engine\1.8.2\junit-platform-engine-1.8.2.jar;E:\java_study\apache-maven-3.5.4\repository\org\mockito\mockito-core\4.0.0\mockito-core-4.0.0.jar;E:\java_study\apache-maven-3.5.4\repository\net\bytebuddy\byte-buddy\1.11.22\byte-buddy-1.11.22.jar;E:\java_study\apache-maven-3.5.4\repository\net\bytebuddy\byte-buddy-agent\1.11.22\byte-buddy-agent-1.11.22.jar;E:\java_study\apache-maven-3.5.4\repository\org\objenesis\objenesis\3.2\objenesis-3.2.jar;E:\java_study\apache-maven-3.5.4\repository\org\mockito\mockito-junit-jupiter\4.0.0\mockito-junit-jupiter-4.0.0.jar;E:\java_study\apache-maven-3.5.4\repository\org\skyscreamer\jsonassert\1.5.0\jsonassert-1.5.0.jar;E:\java_study\apache-maven-3.5.4\repository\com\vaadin\external\google\android-json\0.0.20131108.vaadin1\android-json-0.0.20131108.vaadin1.jar;E:\java_study\apache-maven-3.5.4\repository\org\springframework\spring-core\5.3.19\spring-core-5.3.19.jar;E:\java_study\apache-maven-3.5.4\repository\org\springframework\spring-jcl\5.3.19\spring-jcl-5.3.19.jar;E:\java_study\apache-maven-3.5.4\repository\org\springframework\spring-test\5.3.19\spring-test-5.3.19.jar;E:\java_study\apache-maven-3.5.4\repository\org\xmlunit\xmlunit-core\2.8.4\xmlunit-core-2.8.4.jar;E:\java_study\apache-maven-3.5.4\repository\com\baomidou\mybatis-plus-boot-starter\3.4.1\mybatis-plus-boot-starter-3.4.1.jar;E:\java_study\apache-maven-3.5.4\repository\com\baomidou\mybatis-plus\3.4.1\mybatis-plus-3.4.1.jar;E:\java_study\apache-maven-3.5.4\repository\org\springframework\boot\spring-boot-autoconfigure\2.6.7\spring-boot-autoconfigure-2.6.7.jar;E:\java_study\apache-maven-3.5.4\repository\org\springframework\boot\spring-boot-starter-jdbc\2.6.7\spring-boot-starter-jdbc-2.6.7.jar;E:\java_study\apache-maven-3.5.4\repository\com\zaxxer\HikariCP\4.0.3\HikariCP-4.0.3.jar;E:\java_study\apache-maven-3.5.4\repository\org\springframework\spring-jdbc\5.3.19\spring-jdbc-5.3.19.jar;E:\java_study\apache-maven-3.5.4\repository\org\springframework\spring-tx\5.3.19\spring-tx-5.3.19.jar;E:\java_study\apache-maven-3.5.4\repository\com\baomidou\mybatis-plus-generator\3.4.1\mybatis-plus-generator-3.4.1.jar;E:\java_study\apache-maven-3.5.4\repository\com\baomidou\mybatis-plus-extension\3.4.1\mybatis-plus-extension-3.4.1.jar;E:\java_study\apache-maven-3.5.4\repository\com\baomidou\mybatis-plus-core\3.4.1\mybatis-plus-core-3.4.1.jar;E:\java_study\apache-maven-3.5.4\repository\com\baomidou\mybatis-plus-annotation\3.4.1\mybatis-plus-annotation-3.4.1.jar;E:\java_study\apache-maven-3.5.4\repository\com\github\jsqlparser\jsqlparser\3.2\jsqlparser-3.2.jar;E:\java_study\apache-maven-3.5.4\repository\org\mybatis\mybatis\3.5.6\mybatis-3.5.6.jar;E:\java_study\apache-maven-3.5.4\repository\org\mybatis\mybatis-spring\2.0.5\mybatis-spring-2.0.5.jar;E:\java_study\apache-maven-3.5.4\repository\org\freemarker\freemarker\2.3.30\freemarker-2.3.30.jar;E:\java_study\apache-maven-3.5.4\repository\com\spring4all\spring-boot-starter-swagger\1.5.1.RELEASE\spring-boot-starter-swagger-1.5.1.RELEASE.jar;E:\java_study\apache-maven-3.5.4\repository\io\springfox\springfox-swagger-ui\2.7.0\springfox-swagger-ui-2.7.0.jar;E:\java_study\apache-maven-3.5.4\repository\io\springfox\springfox-spring-web\2.7.0\springfox-spring-web-2.7.0.jar;E:\java_study\apache-maven-3.5.4\repository\org\reflections\reflections\0.9.11\reflections-0.9.11.jar;E:\java_study\apache-maven-3.5.4\repository\org\javassist\javassist\3.21.0-GA\javassist-3.21.0-GA.jar;E:\java_study\apache-maven-3.5.4\repository\io\springfox\springfox-swagger2\2.7.0\springfox-swagger2-2.7.0.jar;E:\java_study\apache-maven-3.5.4\repository\io\swagger\swagger-annotations\1.5.13\swagger-annotations-1.5.13.jar;E:\java_study\apache-maven-3.5.4\repository\io\swagger\swagger-models\1.5.13\swagger-models-1.5.13.jar;E:\java_study\apache-maven-3.5.4\repository\io\springfox\springfox-spi\2.7.0\springfox-spi-2.7.0.jar;E:\java_study\apache-maven-3.5.4\repository\io\springfox\springfox-core\2.7.0\springfox-core-2.7.0.jar;E:\java_study\apache-maven-3.5.4\repository\io\springfox\springfox-schema\2.7.0\springfox-schema-2.7.0.jar;E:\java_study\apache-maven-3.5.4\repository\io\springfox\springfox-swagger-common\2.7.0\springfox-swagger-common-2.7.0.jar;E:\java_study\apache-maven-3.5.4\repository\com\google\guava\guava\18.0\guava-18.0.jar;E:\java_study\apache-maven-3.5.4\repository\com\fasterxml\classmate\1.5.1\classmate-1.5.1.jar;E:\java_study\apache-maven-3.5.4\repository\org\springframework\plugin\spring-plugin-core\1.2.0.RELEASE\spring-plugin-core-1.2.0.RELEASE.jar;E:\java_study\apache-maven-3.5.4\repository\org\springframework\plugin\spring-plugin-metadata\1.2.0.RELEASE\spring-plugin-metadata-1.2.0.RELEASE.jar;E:\java_study\apache-maven-3.5.4\repository\org\mapstruct\mapstruct\1.1.0.Final\mapstruct-1.1.0.Final.jar;E:\java_study\apache-maven-3.5.4\repository\io\springfox\springfox-bean-validators\2.7.0\springfox-bean-validators-2.7.0.jar;E:\java_study\apache-maven-3.5.4\repository\junit\junit\4.12\junit-4.12.jar;E:\java_study\apache-maven-3.5.4\repository\org\hamcrest\hamcrest-core\2.2\hamcrest-core-2.2.jar;"/>
    <property name="sun.cpu.endian" value="little"/>
    <property name="user.home" value="C:\Users\llw18"/>
    <property name="user.language" value="zh"/>
    <property name="java.specification.vendor" value="Oracle Corporation"/>
    <property name="java.home" value="E:\java_study\jdk1.8\jre"/>
    <property name="basedir" value="E:\java_study\git\GitProject\springboot+vue_wms\wms"/>
    <property name="file.separator" value="\"/>
    <property name="line.separator" value="&#10;"/>
    <property name="java.vm.specification.vendor" value="Oracle Corporation"/>
    <property name="java.specification.name" value="Java Platform API Specification"/>
    <property name="java.awt.graphicsenv" value="sun.awt.Win32GraphicsEnvironment"/>
    <property name="surefire.real.class.path" value="C:\Users\llw18\AppData\Local\Temp\surefire2293070286278312581\surefirebooter8570791717232377191.jar"/>
    <property name="sun.boot.class.path" value="E:\java_study\jdk1.8\jre\lib\resources.jar;E:\java_study\jdk1.8\jre\lib\rt.jar;E:\java_study\jdk1.8\jre\lib\jsse.jar;E:\java_study\jdk1.8\jre\lib\jce.jar;E:\java_study\jdk1.8\jre\lib\charsets.jar;E:\java_study\jdk1.8\jre\lib\jfr.jar;E:\java_study\jdk1.8\jre\classes"/>
    <property name="user.script" value=""/>
    <property name="sun.management.compiler" value="HotSpot Client Compiler"/>
    <property name="java.runtime.version" value="1.8.0_381-b09"/>
    <property name="user.name" value="llw"/>
    <property name="path.separator" value=";"/>
    <property name="os.version" value="10.0"/>
    <property name="java.endorsed.dirs" value="E:\java_study\jdk1.8\jre\lib\endorsed"/>
    <property name="java.runtime.name" value="Java(TM) SE Runtime Environment"/>
    <property name="file.encoding" value="GBK"/>
    <property name="java.vm.name" value="Java HotSpot(TM) Client VM"/>
    <property name="idea.version2020.1" value="true"/>
    <property name="localRepository" value="E:\java_study\apache-maven-3.5.4\repository"/>
    <property name="java.vendor.url.bug" value="http://bugreport.sun.com/bugreport/"/>
    <property name="java.io.tmpdir" value="C:\Users\llw18\AppData\Local\Temp\"/>
    <property name="java.version" value="1.8.0_381"/>
    <property name="user.dir" value="E:\java_study\git\GitProject\springboot+vue_wms\wms"/>
    <property name="os.arch" value="x86"/>
    <property name="java.vm.specification.name" value="Java Virtual Machine Specification"/>
    <property name="java.awt.printerjob" value="sun.awt.windows.WPrinterJob"/>
    <property name="sun.os.patch.level" value=""/>
    <property name="java.library.path" value="E:\java_study\jdk1.8\jre\bin;C:\WINDOWS\Sun\Java\bin;C:\WINDOWS\system32;C:\WINDOWS;C:\Program Files (x86)\Common Files\Oracle\Java\javapath;C:\Windows\System32\HWAudioDriverLibs;D:\Linux\VMware\bin\;C:\Windows\system32;C:\Windows;C:\Windows\System32\Wbem;C:\Windows\System32\WindowsPowerShell\v1.0\;C:\Windows\System32\OpenSSH\;C:\Windows\system32\config\systemprofile\AppData\Local\Microsoft\WindowsApps;C:\WINDOWS\system32;C:\WINDOWS;C:\WINDOWS\System32\Wbem;C:\WINDOWS\System32\WindowsPowerShell\v1.0\;C:\WINDOWS\System32\OpenSSH\;D:\Matlab 2018a 64bit\runtime\win64;D:\Matlab 2018a 64bit\bin;E:\java_study\apache-maven-3.5.4\bin;E:\java_study\git\TortoiseGit\bin;E:\java_study\git\Git\cmd;C:\Users\llw18\AppData\Local\Microsoft\WindowsApps;D:\txtlive\texlive\2022\bin\win32;D:\VScode\Microsoft VS Code\bin;;E:\java_study\IntelliJ IDEA\IntelliJ IDEA 2020.1\bin;;."/>
    <property name="java.vm.info" value="mixed mode, sharing"/>
    <property name="java.vendor" value="Oracle Corporation"/>
    <property name="java.vm.version" value="25.381-b09"/>
    <property name="java.specification.maintenance.version" value="5"/>
    <property name="java.ext.dirs" value="E:\java_study\jdk1.8\jre\lib\ext;C:\WINDOWS\Sun\Java\lib\ext"/>
    <property name="sun.io.unicode.encoding" value="UnicodeLittle"/>
    <property name="maven.repo.local" value="E:\java_study\apache-maven-3.5.4\repository"/>
    <property name="java.class.version" value="52.0"/>
  </properties>
  <testcase name="contextLoads" classname="com.wms.WmsApplicationTests" time="0.205"/>
</testsuite>